<?xml version="1.0" encoding="UTF-8"?>
<!-- Generated by org.testng.reporters.JUnitReportReporter -->
<testsuite hostname="MSI" failures="0" tests="1" name="com.qa.tests.TestClass" time="4.818" errors="0" timestamp="2022-08-17T19:18:50 IST" skipped="0">
  <testcase classname="com.qa.tests.TestClass" name="login" time="4.818"/>
  <system-out/>
</testsuite> <!-- com.qa.tests.TestClass -->
