<?xml version="1.0" encoding="UTF-8"?>
<!-- Generated by org.testng.reporters.JUnitReportReporter -->
<testsuite hostname="MSI" failures="0" tests="1" name="com.qa.tests1.TestClass2" time="0.027" errors="0" timestamp="2022-08-17T19:23:20 IST" skipped="0">
  <testcase classname="com.qa.tests1.TestClass2" name="test2" time="0.027"/>
  <system-out/>
</testsuite> <!-- com.qa.tests1.TestClass2 -->
