<?xml version="1.0" encoding="UTF-8"?>
<!-- Generated by org.testng.reporters.JUnitReportReporter -->
<testsuite hostname="MSI" failures="0" tests="1" name="com.qa.tests.TestClass1" time="0.014" errors="0" timestamp="2022-08-17T19:23:42 IST" skipped="0">
  <testcase classname="com.qa.tests.TestClass1" name="test1" time="0.014"/>
  <system-out/>
</testsuite> <!-- com.qa.tests.TestClass1 -->
