<?xml version="1.0" encoding="UTF-8"?>
<!-- Generated by org.testng.reporters.JUnitReportReporter -->
<testsuite skipped="0" hostname="MSI" name="com.qa.tests1.TestClass2" tests="1" failures="0" timestamp="2022-08-17T19:59:25 IST" time="0.014" errors="0">
  <testcase name="test2" time="0.014" classname="com.qa.tests1.TestClass2"/>
</testsuite> <!-- com.qa.tests1.TestClass2 -->
